<?xml version="1.0" encoding="UTF-8"?>
<!-- Generated by org.testng.reporters.JUnitReportReporter -->
<testsuite hostname="TYSS-Brijendra-Singh" failures="0" tests="1" name="com.jenkin_demo.test.LoginLogout" time="18.404" errors="0" timestamp="2023-09-11T01:52:39 IST" skipped="0">
  <testcase classname="com.jenkin_demo.test.LoginLogout" name="loginLogoutActiTime" time="18.404"/>
  <system-out/>
</testsuite> <!-- com.jenkin_demo.test.LoginLogout -->
