<?xml version="1.0" encoding="UTF-8"?>
<!-- Generated by org.testng.reporters.JUnitReportReporter -->
<testsuite hostname="TYSS-Brijendra-Singh" failures="0" tests="1" name="com.jenkin_demo.test.LoginLogout" time="14.850" errors="0" timestamp="2023-09-11T12:31:25 IST" skipped="0">
  <testcase classname="com.jenkin_demo.test.LoginLogout" name="loginLogoutActiTime" time="14.850"/>
  <system-out/>
</testsuite> <!-- com.jenkin_demo.test.LoginLogout -->
