<?xml version="1.0" encoding="UTF-8"?>
<!-- Generated by org.testng.reporters.JUnitReportReporter -->
<testsuite hostname="DANTE" failures="0" tests="1" name="com.jenkin_demo.test.LoginLogout" time="37.053" errors="0" timestamp="2023-08-22T16:47:15 IST" skipped="0">
  <testcase classname="com.jenkin_demo.test.LoginLogout" name="loginLogoutActiTime" time="37.053"/>
  <system-out/>
</testsuite> <!-- com.jenkin_demo.test.LoginLogout -->
