<?xml version="1.0" encoding="UTF-8"?>
<!-- Generated by org.testng.reporters.JUnitReportReporter -->
<testsuite hostname="DANTE" failures="0" tests="1" name="com.jenkin_demo.test.LoginLogout" time="34.274" errors="0" timestamp="2023-08-22T17:01:34 IST" skipped="0">
  <testcase classname="com.jenkin_demo.test.LoginLogout" name="loginLogoutActiTime" time="34.274"/>
  <system-out/>
</testsuite> <!-- com.jenkin_demo.test.LoginLogout -->
